<?xml version="1.0" encoding="UTF-8"?>
<!-- Generated by org.testng.reporters.JUnitReportReporter -->
<testsuite hostname="DESKTOP-K8JV7R3" failures="0" tests="4" name="com.herokuapp.theinternet.dropdowntests.DropdownTests" time="36.268" errors="0" timestamp="2023-04-18T23:02:39 BRT" skipped="0">
  <testcase classname="com.herokuapp.theinternet.dropdowntests.DropdownTests" name="pickOptionTest" time="9.449"/>
  <system-out/>
  <testcase classname="com.herokuapp.theinternet.dropdowntests.DropdownTests" name="pickOptionTest" time="8.306"/>
  <system-out/>
  <testcase classname="com.herokuapp.theinternet.dropdowntests.DropdownTests" name="pickOptionTest" time="9.939"/>
  <system-out/>
  <testcase classname="com.herokuapp.theinternet.dropdowntests.DropdownTests" name="pickOptionTest" time="8.574"/>
  <system-out/>
</testsuite> <!-- com.herokuapp.theinternet.dropdowntests.DropdownTests -->
